
Output from the program FRONTIER (Version 4.1d)


instruction file = front41.ins 
data file =        front41.dta 


 Error Components Frontier (see B&C 1992)
 The model is a production function
 The dependent variable is logged


the ols estimates are :

                 coefficient     standard-error    t-ratio

  beta 0         0.24489823E+00  0.21360304E+00  0.11465110E+01
  beta 1         0.28049258E+00  0.48066611E-01  0.58354974E+01
  beta 2         0.53330635E+00  0.51498578E-01  0.10355749E+02
  sigma-squared  0.11398493E+00

log likelihood function =  -0.18446840E+02

the estimates after the grid search were :

  beta 0         0.58014200E+00
  beta 1         0.28049258E+00
  beta 2         0.53330635E+00
  sigma-squared  0.22067406E+00
  gamma          0.80000000E+00
   mu is restricted to be zero
   eta is restricted to be zero


 iteration =     0  func evals =     20  llf = -0.17034849E+02
     0.58014200E+00 0.28049258E+00 0.53330635E+00 0.22067406E+00 0.80000000E+00
 gradient step
 iteration =     5  func evals =     42  llf = -0.17027225E+02
     0.56160666E+00 0.28108715E+00 0.53647800E+00 0.21694153E+00 0.79718694E+00
 iteration =     7  func evals =     66  llf = -0.17027224E+02
     0.56161930E+00 0.28110218E+00 0.53647979E+00 0.21700029E+00 0.79720691E+00


the final mle estimates are :

                 coefficient     standard-error    t-ratio

  beta 0         0.56161930E+00  0.20261684E+00  0.27718293E+01
  beta 1         0.28110218E+00  0.47643365E-01  0.59001328E+01
  beta 2         0.53647979E+00  0.45251560E-01  0.11855498E+02
  sigma-squared  0.21700029E+00  0.63909001E-01  0.33954574E+01
  gamma          0.79720691E+00  0.13642435E+00  0.58435822E+01
   mu is restricted to be zero
   eta is restricted to be zero

log likelihood function =  -0.17027224E+02

LR test of the one-sided error =   0.28392314E+01
with number of restrictions = 1
 [note that this statistic has a mixed chi-square distribution]

number of iterations =      7

(maximum number of iterations set at :   100)

number of cross-sections =     60

number of time periods =      1

total number of observations =     60

thus there are:      0  obsns not in the panel


covariance matrix :

  0.41053585E-01 -0.31446819E-02 -0.80030358E-02  0.40456580E-02  0.92520052E-02
 -0.31446819E-02  0.22698903E-02  0.40107499E-04 -0.29532719E-04 -0.91561097E-04
 -0.80030358E-02  0.40107499E-04  0.20477037E-02 -0.47192950E-04 -0.16405510E-03
  0.40456580E-02 -0.29532719E-04 -0.47192950E-04  0.40843605E-02  0.67450782E-02
  0.92520052E-02 -0.91561097E-04 -0.16405510E-03  0.67450782E-02  0.18611604E-01



technical efficiency estimates :


     firm             eff.-est.

       1           0.65068882E+00
       2           0.82889153E+00
       3           0.72642605E+00
       4           0.74785148E+00
       5           0.69133579E+00
       6           0.77654636E+00
       7           0.56516815E+00
       8           0.73768178E+00
       9           0.84388972E+00
      10           0.75784165E+00
      11           0.54558461E+00
      12           0.93739517E+00
      13           0.44809712E+00
      14           0.61831053E+00
      15           0.87384351E+00
      16           0.54952797E+00
      17           0.71262538E+00
      18           0.75907234E+00
      19           0.85727197E+00
      20           0.80651940E+00
      21           0.72458651E+00
      22           0.87223603E+00
      23           0.83681365E+00
      24           0.75225743E+00
      25           0.52974819E+00
      26           0.89731691E+00
      27           0.81013412E+00
      28           0.78179397E+00
      29           0.85610594E+00
      30           0.62097898E+00
      31           0.57938201E+00
      32           0.74934220E+00
      33           0.88192574E+00
      34           0.42082208E+00
      35           0.35126281E+00
      36           0.88908386E+00
      37           0.84118617E+00
      38           0.67868925E+00
      39           0.67291074E+00
      40           0.83853414E+00
      41           0.75964588E+00
      42           0.68189615E+00
      43           0.80438757E+00
      44           0.88652999E+00
      45           0.74299310E+00
      46           0.72610237E+00
      47           0.85341506E+00
      48           0.78519200E+00
      49           0.67207127E+00
      50           0.51430286E+00
      51           0.84238128E+00
      52           0.85098581E+00
      53           0.85963853E+00
      54           0.75508312E+00
      55           0.81649830E+00
      56           0.75991262E+00
      57           0.87350729E+00
      58           0.66471485E+00
      59           0.85670442E+00
      60           0.70842827E+00


 mean efficiency =   0.74056785E+00




